<?xml version="1.0" encoding="UTF-8"?>
<!-- Generated by org.testng.reporters.JUnitXMLReporter -->
<testsuite hostname="del1-lhp-n01961" ignored="4" name="Test" tests="3" failures="0" timestamp="26 Jun 2020 15:54:36 GMT" time="0.031" errors="0">
  <testcase name="letTestA" time="0.003" classname="GoogleGit.testA"/>
  <testcase name="letTestA" time="0.001" classname="GoogleGit.testA"/>
  <testcase name="letTestB" time="0.001" classname="GoogleGit.testB"/>
  <testcase name="@AfterSuite afterSuiteA" time="0.0" classname="GoogleGit.testA">
    <ignored/>
  </testcase> <!-- @AfterSuite afterSuiteA -->
  <testcase name="@BeforeSuite beforeSuiteA" time="0.0" classname="GoogleGit.testA">
    <ignored/>
  </testcase> <!-- @BeforeSuite beforeSuiteA -->
  <testcase name="@AfterTest afterTestA" time="0.0" classname="GoogleGit.testA">
    <ignored/>
  </testcase> <!-- @AfterTest afterTestA -->
  <testcase name="@BeforeTest beforeTestA" time="0.0" classname="GoogleGit.testA">
    <ignored/>
  </testcase> <!-- @BeforeTest beforeTestA -->
</testsuite> <!-- Test -->
